<?xml version="1.0" encoding="UTF-8"?>
<!-- Generated by org.testng.reporters.JUnitXMLReporter -->
<testsuite ignored="0" hostname="LAPTOP-LB302OQG" failures="0" tests="4" name="Test" time="55.601" errors="0" timestamp="2026-03-10T20:42:13 IST">
  <testcase classname="com.automationhub.selenium.integration.CreateLead_E" name="runCreate" time="5.689"/>
  <testcase classname="com.automationhub.selenium.integration.CreateLead_E" name="runCreate" time="5.497"/>
  <testcase classname="com.automationhub.selenium.integration.CreateLead_E" name="runCreate" time="5.31"/>
  <testcase classname="com.automationhub.selenium.integration.CreateLead_E" name="runCreate" time="5.149"/>
</testsuite> <!-- Test -->
