<?xml version="1.0" encoding="UTF-8"?>
<testng-results ignored="0" total="4" passed="4" failed="0" skipped="0">
  <reporter-output>
  </reporter-output>
  <suite started-at="2026-03-10T20:41:18 IST" name="Suite" finished-at="2026-03-10T20:42:13 IST" duration-ms="55601">
    <groups>
    </groups>
    <test started-at="2026-03-10T20:41:18 IST" name="Test" finished-at="2026-03-10T20:42:13 IST" duration-ms="55601">
      <class name="com.automationhub.selenium.integration.CreateLead_E">
        <test-method is-config="true" signature="preCondition(java.lang.String,java.lang.String,java.lang.String,java.lang.String)[pri:0, instance:com.automationhub.selenium.integration.CreateLead_E@4d9e68d0]" started-at="2026-03-10T20:41:19 IST" name="preCondition" finished-at="2026-03-10T20:41:27 IST" duration-ms="8387" status="PASS">
          <params>
            <param index="0">
              <value>
                <![CDATA[http://leaftaps.com/opentaps/control/main]]>
              </value>
            </param>
            <param index="1">
              <value>
                <![CDATA[demosalesManager]]>
              </value>
            </param>
            <param index="2">
              <value>
                <![CDATA[crmsfa]]>
              </value>
            </param>
            <param index="3">
              <value>
                <![CDATA[edge]]>
              </value>
            </param>
          </params>
          <reporter-output>
          </reporter-output>
        </test-method> <!-- preCondition -->
        <test-method signature="runCreate(java.lang.String,java.lang.String,java.lang.String,java.lang.String)[pri:0, instance:com.automationhub.selenium.integration.CreateLead_E@4d9e68d0]" started-at="2026-03-10T20:41:27 IST" name="runCreate" data-provider="getdata" finished-at="2026-03-10T20:41:33 IST" duration-ms="5689" status="PASS">
          <params>
            <param index="0">
              <value>
                <![CDATA[KannaTest]]>
              </value>
            </param>
            <param index="1">
              <value>
                <![CDATA[Kannathasan]]>
              </value>
            </param>
            <param index="2">
              <value>
                <![CDATA[pooja]]>
              </value>
            </param>
            <param index="3">
              <value>
                <![CDATA[99]]>
              </value>
            </param>
          </params>
          <reporter-output>
          </reporter-output>
        </test-method> <!-- runCreate -->
        <test-method is-config="true" signature="postCondition()[pri:0, instance:com.automationhub.selenium.integration.CreateLead_E@4d9e68d0]" started-at="2026-03-10T20:41:33 IST" name="postCondition" finished-at="2026-03-10T20:41:33 IST" duration-ms="273" status="PASS">
          <reporter-output>
          </reporter-output>
        </test-method> <!-- postCondition -->
        <test-method is-config="true" signature="preCondition(java.lang.String,java.lang.String,java.lang.String,java.lang.String)[pri:0, instance:com.automationhub.selenium.integration.CreateLead_E@4d9e68d0]" started-at="2026-03-10T20:41:33 IST" name="preCondition" finished-at="2026-03-10T20:41:42 IST" duration-ms="9398" status="PASS">
          <params>
            <param index="0">
              <value>
                <![CDATA[http://leaftaps.com/opentaps/control/main]]>
              </value>
            </param>
            <param index="1">
              <value>
                <![CDATA[demosalesManager]]>
              </value>
            </param>
            <param index="2">
              <value>
                <![CDATA[crmsfa]]>
              </value>
            </param>
            <param index="3">
              <value>
                <![CDATA[edge]]>
              </value>
            </param>
          </params>
          <reporter-output>
          </reporter-output>
        </test-method> <!-- preCondition -->
        <test-method signature="runCreate(java.lang.String,java.lang.String,java.lang.String,java.lang.String)[pri:0, instance:com.automationhub.selenium.integration.CreateLead_E@4d9e68d0]" started-at="2026-03-10T20:41:42 IST" name="runCreate" data-provider="getdata" finished-at="2026-03-10T20:41:48 IST" duration-ms="5497" status="PASS">
          <params>
            <param index="0">
              <value>
                <![CDATA[shubhamTest]]>
              </value>
            </param>
            <param index="1">
              <value>
                <![CDATA[Hari]]>
              </value>
            </param>
            <param index="2">
              <value>
                <![CDATA[pooja]]>
              </value>
            </param>
            <param index="3">
              <value>
                <![CDATA[98]]>
              </value>
            </param>
          </params>
          <reporter-output>
          </reporter-output>
        </test-method> <!-- runCreate -->
        <test-method is-config="true" signature="postCondition()[pri:0, instance:com.automationhub.selenium.integration.CreateLead_E@4d9e68d0]" started-at="2026-03-10T20:41:48 IST" name="postCondition" finished-at="2026-03-10T20:41:48 IST" duration-ms="210" status="PASS">
          <reporter-output>
          </reporter-output>
        </test-method> <!-- postCondition -->
        <test-method is-config="true" signature="preCondition(java.lang.String,java.lang.String,java.lang.String,java.lang.String)[pri:0, instance:com.automationhub.selenium.integration.CreateLead_E@4d9e68d0]" started-at="2026-03-10T20:41:48 IST" name="preCondition" finished-at="2026-03-10T20:41:55 IST" duration-ms="7277" status="PASS">
          <params>
            <param index="0">
              <value>
                <![CDATA[http://leaftaps.com/opentaps/control/main]]>
              </value>
            </param>
            <param index="1">
              <value>
                <![CDATA[demosalesManager]]>
              </value>
            </param>
            <param index="2">
              <value>
                <![CDATA[crmsfa]]>
              </value>
            </param>
            <param index="3">
              <value>
                <![CDATA[edge]]>
              </value>
            </param>
          </params>
          <reporter-output>
          </reporter-output>
        </test-method> <!-- preCondition -->
        <test-method signature="runCreate(java.lang.String,java.lang.String,java.lang.String,java.lang.String)[pri:0, instance:com.automationhub.selenium.integration.CreateLead_E@4d9e68d0]" started-at="2026-03-10T20:41:55 IST" name="runCreate" data-provider="getdata" finished-at="2026-03-10T20:42:01 IST" duration-ms="5310" status="PASS">
          <params>
            <param index="0">
              <value>
                <![CDATA[mitajTest]]>
              </value>
            </param>
            <param index="1">
              <value>
                <![CDATA[Anu]]>
              </value>
            </param>
            <param index="2">
              <value>
                <![CDATA[pooja]]>
              </value>
            </param>
            <param index="3">
              <value>
                <![CDATA[90]]>
              </value>
            </param>
          </params>
          <reporter-output>
          </reporter-output>
        </test-method> <!-- runCreate -->
        <test-method is-config="true" signature="postCondition()[pri:0, instance:com.automationhub.selenium.integration.CreateLead_E@4d9e68d0]" started-at="2026-03-10T20:42:01 IST" name="postCondition" finished-at="2026-03-10T20:42:01 IST" duration-ms="227" status="PASS">
          <reporter-output>
          </reporter-output>
        </test-method> <!-- postCondition -->
        <test-method is-config="true" signature="preCondition(java.lang.String,java.lang.String,java.lang.String,java.lang.String)[pri:0, instance:com.automationhub.selenium.integration.CreateLead_E@4d9e68d0]" started-at="2026-03-10T20:42:01 IST" name="preCondition" finished-at="2026-03-10T20:42:08 IST" duration-ms="7138" status="PASS">
          <params>
            <param index="0">
              <value>
                <![CDATA[http://leaftaps.com/opentaps/control/main]]>
              </value>
            </param>
            <param index="1">
              <value>
                <![CDATA[demosalesManager]]>
              </value>
            </param>
            <param index="2">
              <value>
                <![CDATA[crmsfa]]>
              </value>
            </param>
            <param index="3">
              <value>
                <![CDATA[edge]]>
              </value>
            </param>
          </params>
          <reporter-output>
          </reporter-output>
        </test-method> <!-- preCondition -->
        <test-method signature="runCreate(java.lang.String,java.lang.String,java.lang.String,java.lang.String)[pri:0, instance:com.automationhub.selenium.integration.CreateLead_E@4d9e68d0]" started-at="2026-03-10T20:42:08 IST" name="runCreate" data-provider="getdata" finished-at="2026-03-10T20:42:13 IST" duration-ms="5149" status="PASS">
          <params>
            <param index="0">
              <value>
                <![CDATA[Kavi]]>
              </value>
            </param>
            <param index="1">
              <value>
                <![CDATA[R]]>
              </value>
            </param>
            <param index="2">
              <value>
                <![CDATA[Arasan]]>
              </value>
            </param>
            <param index="3">
              <value>
                <![CDATA[89]]>
              </value>
            </param>
          </params>
          <reporter-output>
          </reporter-output>
        </test-method> <!-- runCreate -->
        <test-method is-config="true" signature="postCondition()[pri:0, instance:com.automationhub.selenium.integration.CreateLead_E@4d9e68d0]" started-at="2026-03-10T20:42:13 IST" name="postCondition" finished-at="2026-03-10T20:42:13 IST" duration-ms="225" status="PASS">
          <reporter-output>
          </reporter-output>
        </test-method> <!-- postCondition -->
      </class> <!-- com.automationhub.selenium.integration.CreateLead_E -->
    </test> <!-- Test -->
  </suite> <!-- Suite -->
</testng-results>
