<?xml version="1.0" encoding="UTF-8"?>
<!-- Generated by org.testng.reporters.JUnitReportReporter -->
<testsuite hostname="LAPTOP-LB302OQG" failures="0" tests="4" name="com.automationhub.selenium.integration.CreateLead_E" time="54.780" errors="0" timestamp="2026-03-10T20:42:13 IST" skipped="0">
  <testcase classname="com.automationhub.selenium.integration.CreateLead_E" name="runCreate" time="12.845"/>
  <system-out/>
  <testcase classname="com.automationhub.selenium.integration.CreateLead_E" name="runCreate" time="15.314"/>
  <system-out/>
  <testcase classname="com.automationhub.selenium.integration.CreateLead_E" name="runCreate" time="12.812"/>
  <system-out/>
  <testcase classname="com.automationhub.selenium.integration.CreateLead_E" name="runCreate" time="13.809"/>
  <system-out/>
</testsuite> <!-- com.automationhub.selenium.integration.CreateLead_E -->
